{"level":"info","time":"2024-08-30T09:02:52+02:00","message":"Server started on :3333"}
{"level":"error","endpoint":"/api/formulations/","method":"GET","status":500,"error":"missing destination name Key_DAR in *[]formulationcontroller.Formulation","time":"2024-08-30T09:06:54+02:00","message":"Internal server error"}
{"level":"info","time":"2024-08-30T09:07:43+02:00","message":"Server started on :3333"}
{"level":"info","time":"2024-08-30T09:09:29+02:00","message":"Server started on :3333"}
{"level":"error","endpoint":"/api/formulations/","method":"GET","status":500,"error":"missing destination name Key_DAR in *[]formulationcontroller.Formulation","time":"2024-08-30T09:09:31+02:00","message":"Internal server error"}
{"level":"info","time":"2024-08-30T09:09:42+02:00","message":"Server shutting down"}
{"level":"info","time":"2024-08-30T09:09:42+02:00","message":"Server exiting"}
{"level":"info","time":"2024-08-30T09:11:04+02:00","message":"Server started on :3333"}
{"level":"info","time":"2024-08-30T09:23:34+02:00","message":"Server started on :3333"}
{"level":"info","time":"2024-08-30T09:27:21+02:00","message":"Server started on :3333"}
{"level":"info","time":"2024-08-30T09:27:30+02:00","message":"Server started on :3333"}
{"level":"info","time":"2024-08-30T09:27:32+02:00","message":"Server started on :3333"}
{"level":"info","time":"2024-08-30T09:33:03+02:00","message":"Server started on :3333"}
{"level":"info","time":"2024-08-30T09:47:09+02:00","message":"Server started on :3333"}
{"level":"info","time":"2024-08-30T09:49:37+02:00","message":"Server shutting down"}
{"level":"info","time":"2024-08-30T09:49:37+02:00","message":"Server exiting"}
{"level":"info","time":"2024-08-31T01:47:38+02:00","message":"Server started on :3333"}
{"level":"info","time":"2024-08-31T01:51:09+02:00","message":"Server started on :3333"}
{"level":"error","endpoint":"/api/interactions/pzns","method":"GET","status":500,"error":"sql: converting argument $1 type: unsupported type []string, a slice of string","time":"2024-08-31T01:51:12+02:00","message":"Internal server error"}
{"level":"error","endpoint":"/api/interactions/pzns","method":"GET","status":500,"error":"sql: converting argument $1 type: unsupported type []string, a slice of string","time":"2024-08-31T01:51:41+02:00","message":"Internal server error"}
{"level":"info","time":"2024-08-31T01:54:46+02:00","message":"Server started on :3333"}
{"level":"info","time":"2024-08-31T01:55:04+02:00","message":"Server started on :3333"}
{"level":"info","time":"2024-08-31T01:55:21+02:00","message":"Server started on :3333"}
{"level":"info","time":"2024-08-31T01:55:33+02:00","message":"Server started on :3333"}
{"level":"error","endpoint":"/api/interactions/pzns","method":"GET","status":500,"error":"sql: converting argument $1 type: unsupported type []string, a slice of string","time":"2024-08-31T01:55:34+02:00","message":"Internal server error"}
{"level":"info","time":"2024-08-31T01:56:00+02:00","message":"Server started on :3333"}
{"level":"error","endpoint":"/api/interactions/pzns","method":"GET","status":500,"error":"sql: converting argument $1 type: unsupported type []string, a slice of string","time":"2024-08-31T01:56:41+02:00","message":"Internal server error"}
{"level":"info","time":"2024-08-31T01:57:27+02:00","message":"Server started on :3333"}
{"level":"error","endpoint":"/api/interactions/pzns","method":"GET","status":500,"error":"sql: converting argument $1 type: unsupported type []string, a slice of string","time":"2024-08-31T01:57:29+02:00","message":"Internal server error"}
{"level":"info","time":"2024-08-31T01:57:47+02:00","message":"Server started on :3333"}
{"level":"error","endpoint":"/api/interactions/pzns","method":"GET","status":500,"error":"sql: converting argument $1 type: unsupported type []string, a slice of string","time":"2024-08-31T01:57:55+02:00","message":"Internal server error"}
{"level":"info","time":"2024-08-31T01:58:16+02:00","message":"Server started on :3333"}
{"level":"error","endpoint":"/api/interactions/pzns","method":"GET","status":500,"error":"sql: converting argument $1 type: unsupported type []string, a slice of string","time":"2024-08-31T01:58:19+02:00","message":"Internal server error"}
{"level":"info","time":"2024-08-31T01:59:08+02:00","message":"Server started on :3333"}
{"level":"error","endpoint":"/api/interactions/pzns","method":"GET","status":500,"error":"sql: converting argument $1 type: unsupported type []string, a slice of string","time":"2024-08-31T02:05:04+02:00","message":"Internal server error"}
{"level":"info","time":"2024-08-31T02:05:44+02:00","message":"Server shutting down"}
{"level":"info","time":"2024-08-31T02:05:44+02:00","message":"Server exiting"}
{"level":"info","time":"2024-08-31T02:05:49+02:00","message":"Server started on :3333"}
{"level":"info","time":"2024-08-31T02:08:03+02:00","message":"Server started on :3333"}
{"level":"info","time":"2024-08-31T02:14:56+02:00","message":"Server started on :3333"}
{"level":"info","time":"2024-08-31T02:19:17+02:00","message":"Server started on :3333"}
{"level":"info","time":"2024-08-31T02:19:22+02:00","message":"Server started on :3333"}
{"level":"info","time":"2024-08-31T02:19:39+02:00","message":"Server started on :3333"}
{"level":"info","time":"2024-08-31T02:20:14+02:00","message":"Server started on :3333"}
{"level":"info","time":"2024-08-31T02:20:28+02:00","message":"Server started on :3333"}
{"level":"info","time":"2024-08-31T02:20:31+02:00","message":"Server started on :3333"}
{"level":"info","time":"2024-08-31T02:22:14+02:00","message":"Server started on :3333"}
{"level":"info","time":"2024-08-31T02:22:18+02:00","message":"Server started on :3333"}
{"level":"info","time":"2024-08-31T02:23:16+02:00","message":"Server started on :3333"}
{"level":"info","time":"2024-08-31T02:23:26+02:00","message":"Server started on :3333"}
{"level":"info","time":"2024-08-31T02:27:07+02:00","message":"Server started on :3333"}
{"level":"info","time":"2024-08-31T02:27:47+02:00","message":"Server started on :3333"}
{"level":"info","time":"2024-08-31T02:29:10+02:00","message":"Server started on :3333"}
{"level":"info","time":"2024-08-31T02:40:11+02:00","message":"Server started on :3333"}
{"level":"info","time":"2024-08-31T02:40:57+02:00","message":"Server started on :3333"}
{"level":"info","time":"2024-08-31T02:41:11+02:00","message":"Server started on :3333"}
{"level":"info","time":"2024-08-31T02:41:42+02:00","message":"Server started on :3333"}
{"level":"info","time":"2024-08-31T02:41:59+02:00","message":"Server started on :3333"}
{"level":"info","time":"2024-08-31T02:42:04+02:00","message":"Server started on :3333"}
{"level":"info","time":"2024-08-31T02:42:23+02:00","message":"Server started on :3333"}
{"level":"info","time":"2024-08-31T02:43:07+02:00","message":"Server started on :3333"}
{"level":"info","time":"2024-08-31T02:52:24+02:00","message":"Server started on :3333"}
{"level":"info","time":"2024-08-31T02:53:38+02:00","message":"Server started on :3333"}
{"level":"error","endpoint":"/api/interactions/pzns","method":"GET","status":500,"error":"missing destination name Key_FAM_R in *[]interactioncontroller.Interaction","time":"2024-08-31T02:53:42+02:00","message":"Internal server error"}
{"level":"info","time":"2024-08-31T02:54:51+02:00","message":"Server started on :3333"}
{"level":"info","time":"2024-08-31T02:58:55+02:00","message":"Server started on :3333"}
{"level":"info","time":"2024-08-31T03:05:28+02:00","message":"Server started on :3333"}
{"level":"info","time":"2024-08-31T03:06:02+02:00","message":"Server started on :3333"}
{"level":"info","time":"2024-08-31T03:13:27+02:00","message":"Server started on :3333"}
{"level":"info","time":"2024-08-31T03:14:29+02:00","message":"Server started on :3333"}
{"level":"info","time":"2024-08-31T03:14:45+02:00","message":"Server started on :3333"}
{"level":"info","time":"2024-08-31T03:20:21+02:00","message":"Server started on :3333"}
{"level":"info","time":"2024-08-31T03:20:37+02:00","message":"Server started on :3333"}
{"level":"info","time":"2024-08-31T03:21:56+02:00","message":"Server started on :3333"}
{"level":"info","time":"2024-08-31T03:22:05+02:00","message":"Server started on :3333"}
{"level":"info","time":"2024-08-31T03:22:20+02:00","message":"Server started on :3333"}
{"level":"info","time":"2024-08-31T03:22:21+02:00","message":"Server started on :3333"}
{"level":"info","time":"2024-08-31T03:23:07+02:00","message":"Server started on :3333"}
{"level":"info","time":"2024-08-31T03:23:46+02:00","message":"Server started on :3333"}
{"level":"info","time":"2024-08-31T03:23:52+02:00","message":"Server started on :3333"}
{"level":"info","time":"2024-08-31T03:23:53+02:00","message":"Server started on :3333"}
{"level":"info","time":"2024-08-31T03:24:09+02:00","message":"Server started on :3333"}
{"level":"info","time":"2024-08-31T03:24:15+02:00","message":"Server started on :3333"}
{"level":"info","time":"2024-08-31T03:24:20+02:00","message":"Server started on :3333"}
{"level":"info","time":"2024-08-31T03:24:38+02:00","message":"Server started on :3333"}
{"level":"info","time":"2024-08-31T03:24:44+02:00","message":"Server started on :3333"}
{"level":"info","time":"2024-08-31T03:24:54+02:00","message":"Server started on :3333"}
{"level":"info","time":"2024-08-31T03:24:59+02:00","message":"Server started on :3333"}
{"level":"info","time":"2024-08-31T03:25:10+02:00","message":"Server started on :3333"}
{"level":"info","time":"2024-08-31T03:25:11+02:00","message":"Server started on :3333"}
{"level":"info","time":"2024-08-31T03:25:23+02:00","message":"Server started on :3333"}
{"level":"info","time":"2024-08-31T03:26:40+02:00","message":"Server started on :3333"}
{"level":"info","time":"2024-08-31T03:26:44+02:00","message":"Server started on :3333"}
{"level":"info","time":"2024-08-31T03:27:39+02:00","message":"Server started on :3333"}
{"level":"info","time":"2024-08-31T03:27:52+02:00","message":"Server started on :3333"}
{"level":"info","time":"2024-08-31T03:30:42+02:00","message":"Server started on :3333"}
{"level":"info","time":"2024-08-31T09:57:43+02:00","message":"Server started on :3333"}
{"level":"info","time":"2024-08-31T10:09:59+02:00","message":"Server started on :3333"}
{"level":"info","time":"2024-08-31T10:10:31+02:00","message":"Server started on :3333"}
{"level":"info","time":"2024-08-31T10:11:20+02:00","message":"Server shutting down"}
{"level":"info","time":"2024-08-31T10:11:20+02:00","message":"Server exiting"}
{"level":"info","time":"2024-08-31T10:15:42+02:00","message":"Server started on :3333"}
{"level":"info","time":"2024-08-31T10:15:50+02:00","message":"Server started on :3333"}
{"level":"info","time":"2024-08-31T10:33:24+02:00","message":"Server started on :3333"}
{"level":"info","time":"2024-08-31T10:37:08+02:00","message":"Server started on :3333"}
{"level":"info","time":"2024-08-31T10:39:32+02:00","message":"Server started on :3333"}
{"level":"info","time":"2024-08-31T10:39:50+02:00","message":"Server started on :3333"}
{"level":"info","time":"2024-08-31T10:40:38+02:00","message":"Server started on :3333"}
{"level":"info","time":"2024-08-31T11:55:15+02:00","message":"Server started on :3333"}
{"level":"info","time":"2024-08-31T11:55:21+02:00","message":"Server started on :3333"}
{"level":"info","time":"2024-08-31T11:55:44+02:00","message":"Server started on :3333"}
{"level":"info","time":"2024-08-31T11:56:33+02:00","message":"Server started on :3333"}
{"level":"info","time":"2024-08-31T11:57:44+02:00","message":"Server started on :3333"}
{"level":"info","time":"2024-08-31T11:59:35+02:00","message":"Server started on :3333"}
{"level":"info","time":"2024-08-31T11:59:58+02:00","message":"Server started on :3333"}
{"level":"info","time":"2024-08-31T12:00:25+02:00","message":"Server started on :3333"}
{"level":"info","time":"2024-08-31T12:01:45+02:00","message":"Server started on :3333"}
{"level":"info","time":"2024-08-31T12:08:00+02:00","message":"Server started on :3333"}
{"level":"info","time":"2024-08-31T12:12:46+02:00","message":"Server started on :3333"}
{"level":"info","time":"2024-08-31T12:12:57+02:00","message":"Server started on :3333"}
{"level":"info","time":"2024-08-31T12:13:48+02:00","message":"Server started on :3333"}
{"level":"info","time":"2024-08-31T12:14:19+02:00","message":"Server started on :3333"}
{"level":"info","time":"2024-08-31T12:14:42+02:00","message":"Server started on :3333"}
{"level":"info","time":"2024-08-31T12:27:21+02:00","message":"Server started on :3333"}
{"level":"info","time":"2024-08-31T12:29:14+02:00","message":"Server started on :3333"}
{"level":"info","time":"2024-08-31T13:51:10+02:00","message":"Server started on :3333"}
{"level":"info","time":"2024-08-31T14:02:02+02:00","message":"Server started on :3333"}
{"level":"info","time":"2024-08-31T14:02:43+02:00","message":"Server started on :3333"}
{"level":"info","time":"2024-08-31T14:02:59+02:00","message":"Server started on :3333"}
{"level":"info","time":"2024-08-31T14:03:00+02:00","message":"Server started on :3333"}
{"level":"info","time":"2024-08-31T14:03:36+02:00","message":"Server started on :3333"}
{"level":"info","time":"2024-08-31T14:03:54+02:00","message":"Server started on :3333"}
{"level":"info","time":"2024-08-31T14:04:07+02:00","message":"Server started on :3333"}
{"level":"info","time":"2024-08-31T14:04:50+02:00","message":"Server started on :3333"}
{"level":"info","time":"2024-08-31T21:41:23+02:00","message":"Server started on :3333"}
{"level":"info","time":"2024-08-31T21:44:32+02:00","message":"Server started on :3333"}
{"level":"info","time":"2024-08-31T21:47:47+02:00","message":"Server started on :3333"}
{"level":"info","time":"2024-08-31T21:47:50+02:00","message":"Server started on :3333"}
{"level":"info","time":"2024-08-31T23:55:17+02:00","message":"Server started on :3333"}
{"level":"info","time":"2024-09-01T00:00:19+02:00","message":"Server started on :3333"}
{"level":"info","time":"2024-09-01T00:00:36+02:00","message":"Server started on :3333"}
{"level":"info","time":"2024-09-01T00:02:44+02:00","message":"Server started on :3333"}
{"level":"info","time":"2024-09-01T00:13:06+02:00","message":"Server started on :3333"}
{"level":"info","time":"2024-09-01T00:14:20+02:00","message":"Server started on :3333"}
{"level":"info","time":"2024-09-01T00:16:33+02:00","message":"Server started on :3333"}
{"level":"info","time":"2024-09-01T00:19:31+02:00","message":"Server started on :3333"}
{"level":"info","time":"2024-09-01T00:23:42+02:00","message":"Server started on :3333"}
{"level":"info","time":"2024-09-01T00:24:10+02:00","message":"Server started on :3333"}
{"level":"error","endpoint":"/api/interactions/pzns","method":"GET","status":500,"error":"dial tcp 127.0.0.1:3306: connectex: No connection could be made because the target machine actively refused it.","time":"2024-09-01T18:54:35+02:00","message":"Internal server error"}
{"level":"info","time":"2024-09-01T21:27:31+02:00","message":"Server started on :3333"}
{"level":"info","time":"2024-09-01T21:27:59+02:00","message":"Server shutting down"}
{"level":"info","time":"2024-09-01T21:27:59+02:00","message":"Server exiting"}
{"level":"info","time":"2024-09-01T21:28:05+02:00","message":"Server started on :3333"}
{"level":"info","time":"2024-09-01T21:33:52+02:00","message":"Server started on :3333"}
{"level":"error","endpoint":"/api/interactions/pzns","method":"GET","status":500,"error":"sql: converting argument $1 type: unsupported type iter.Seq[uint64], a func","time":"2024-09-01T21:34:03+02:00","message":"Internal server error"}
{"level":"info","time":"2024-09-01T21:36:01+02:00","message":"Server started on :3333"}
{"level":"info","time":"2024-09-01T21:39:04+02:00","message":"Server started on :3333"}
{"level":"info","time":"2024-09-01T21:40:56+02:00","message":"Server started on :3333"}
{"level":"info","time":"2024-09-01T21:41:51+02:00","message":"Server started on :3333"}
{"level":"info","time":"2024-09-01T21:41:58+02:00","message":"Server started on :3333"}
{"level":"info","time":"2024-09-01T21:53:42+02:00","message":"Server started on :3333"}
{"level":"info","time":"2024-09-01T21:56:10+02:00","message":"Server started on :3333"}
{"level":"info","time":"2024-09-01T21:56:31+02:00","message":"Server started on :3333"}
{"level":"info","time":"2024-09-01T21:56:38+02:00","message":"Server started on :3333"}
{"level":"info","time":"2024-09-01T21:56:57+02:00","message":"Server started on :3333"}
{"level":"info","time":"2024-09-01T21:57:15+02:00","message":"Server started on :3333"}
{"level":"info","time":"2024-09-01T21:57:19+02:00","message":"Server started on :3333"}
{"level":"info","time":"2024-09-01T21:57:22+02:00","message":"Server started on :3333"}
{"level":"info","time":"2024-09-01T21:57:25+02:00","message":"Server started on :3333"}
{"level":"info","time":"2024-09-01T22:36:55+02:00","message":"Server started on :3333"}
{"level":"info","time":"2024-09-01T22:37:36+02:00","message":"Server started on :3333"}
{"level":"info","time":"2024-09-01T22:38:37+02:00","message":"Server started on :3333"}
{"level":"info","time":"2024-09-01T22:42:08+02:00","message":"Server started on :3333"}
{"level":"info","time":"2024-09-01T22:42:39+02:00","message":"Server started on :3333"}
{"level":"info","time":"2024-09-01T22:45:22+02:00","message":"Server started on :3333"}
{"level":"info","time":"2024-09-01T22:46:50+02:00","message":"Server started on :3333"}
{"level":"info","time":"2024-09-01T22:51:16+02:00","message":"Server started on :3333"}
{"level":"info","time":"2024-09-01T22:52:05+02:00","message":"Server started on :3333"}
{"level":"info","time":"2024-09-01T22:52:06+02:00","message":"Server started on :3333"}
{"level":"info","time":"2024-09-01T22:52:12+02:00","message":"Server started on :3333"}
{"level":"info","time":"2024-09-01T23:07:44+02:00","message":"Server started on :3333"}
{"level":"info","time":"2024-09-01T23:07:45+02:00","message":"Server started on :3333"}
{"level":"info","time":"2024-09-01T23:08:30+02:00","message":"Server started on :3333"}
{"level":"info","time":"2024-09-01T23:08:34+02:00","message":"Server started on :3333"}
{"level":"info","time":"2024-09-01T23:08:37+02:00","message":"Server started on :3333"}
{"level":"info","time":"2024-09-01T23:10:18+02:00","message":"Server started on :3333"}
{"level":"info","time":"2024-09-01T23:10:41+02:00","message":"Server started on :3333"}
{"level":"info","time":"2024-09-01T23:11:32+02:00","message":"Server started on :3333"}
{"level":"info","time":"2024-09-01T23:11:42+02:00","message":"Server started on :3333"}
{"level":"info","time":"2024-09-01T23:11:42+02:00","message":"Server started on :3333"}
{"level":"info","time":"2024-09-01T23:11:46+02:00","message":"Server started on :3333"}
{"level":"info","time":"2024-09-01T23:11:55+02:00","message":"Server started on :3333"}
{"level":"info","time":"2024-09-01T23:12:03+02:00","message":"Server started on :3333"}
{"level":"info","time":"2024-09-01T23:13:53+02:00","message":"Server started on :3333"}
{"level":"info","time":"2024-09-01T23:15:08+02:00","message":"Server started on :3333"}
{"level":"info","time":"2024-09-01T23:15:22+02:00","message":"Server started on :3333"}
{"level":"info","time":"2024-09-01T23:15:42+02:00","message":"Server started on :3333"}
{"level":"info","time":"2024-09-01T23:19:41+02:00","message":"Server started on :3333"}
{"level":"info","time":"2024-09-01T23:25:32+02:00","message":"Server started on :3333"}
{"level":"info","time":"2024-09-01T23:26:06+02:00","message":"Server started on :3333"}
{"level":"info","time":"2024-09-01T23:26:34+02:00","message":"Server started on :3333"}
{"level":"info","time":"2024-09-01T23:27:01+02:00","message":"Server started on :3333"}
{"level":"info","time":"2024-09-01T23:27:29+02:00","message":"Server started on :3333"}
{"level":"info","time":"2024-09-01T23:28:22+02:00","message":"Server started on :3333"}
{"level":"info","time":"2024-09-01T23:33:38+02:00","message":"Server started on :3333"}
{"level":"info","time":"2024-09-01T23:34:12+02:00","message":"Server started on :3333"}
{"level":"info","time":"2024-09-01T23:34:23+02:00","message":"Server started on :3333"}
{"level":"info","time":"2024-09-01T23:43:59+02:00","message":"Server started on :3333"}
{"level":"info","time":"2024-09-01T23:45:46+02:00","message":"Server started on :3333"}
{"level":"info","time":"2024-09-01T23:46:06+02:00","message":"Server started on :3333"}
{"level":"info","time":"2024-09-01T23:46:30+02:00","message":"Server started on :3333"}
{"level":"info","time":"2024-09-01T23:49:18+02:00","message":"Server started on :3333"}
{"level":"info","time":"2024-09-01T23:52:28+02:00","message":"Server started on :3333"}
{"level":"info","time":"2024-09-01T23:53:37+02:00","message":"Server started on :3333"}
{"level":"info","time":"2024-09-01T23:55:20+02:00","message":"Server started on :3333"}
{"level":"info","time":"2024-09-01T23:55:45+02:00","message":"Server started on :3333"}
{"level":"info","time":"2024-09-01T23:55:51+02:00","message":"Server started on :3333"}
{"level":"info","time":"2024-09-01T23:55:58+02:00","message":"Server started on :3333"}
{"level":"info","time":"2024-09-01T23:56:05+02:00","message":"Server started on :3333"}
{"level":"info","time":"2024-09-01T23:56:22+02:00","message":"Server started on :3333"}
{"level":"info","time":"2024-09-01T23:56:54+02:00","message":"Server started on :3333"}
{"level":"info","time":"2024-09-01T23:56:58+02:00","message":"Server started on :3333"}
{"level":"info","time":"2024-09-01T23:58:16+02:00","message":"Server started on :3333"}
{"level":"info","time":"2024-09-01T23:58:17+02:00","message":"Server started on :3333"}
{"level":"info","time":"2024-09-02T00:51:48+02:00","message":"Server started on :3333"}
{"level":"info","time":"2024-09-02T01:10:50+02:00","message":"Server started on :3333"}
{"level":"info","time":"2024-09-02T01:11:00+02:00","message":"Server started on :3333"}
{"level":"info","time":"2024-09-02T01:16:34+02:00","message":"Server started on :3333"}
{"level":"info","time":"2024-09-02T01:16:42+02:00","message":"Server started on :3333"}
{"level":"info","time":"2024-09-02T01:18:06+02:00","message":"Server started on :3333"}
{"level":"info","time":"2024-09-02T01:19:06+02:00","message":"Server started on :3333"}
{"level":"info","time":"2024-09-02T01:19:27+02:00","message":"Server started on :3333"}
{"level":"info","time":"2024-09-02T01:20:41+02:00","message":"Server started on :3333"}
{"level":"info","time":"2024-09-02T01:20:50+02:00","message":"Server started on :3333"}
{"level":"info","time":"2024-09-02T01:21:02+02:00","message":"Server started on :3333"}
{"level":"info","time":"2024-09-02T01:21:31+02:00","message":"Server started on :3333"}
{"level":"info","time":"2024-09-02T01:23:15+02:00","message":"Server started on :3333"}
{"level":"info","time":"2024-09-02T01:23:32+02:00","message":"Server started on :3333"}
{"level":"info","time":"2024-09-02T01:23:39+02:00","message":"Server started on :3333"}
{"level":"info","time":"2024-09-02T01:23:43+02:00","message":"Server started on :3333"}
{"level":"info","time":"2024-09-02T01:24:59+02:00","message":"Server started on :3333"}
{"level":"info","time":"2024-09-02T01:25:03+02:00","message":"Server started on :3333"}
{"level":"info","time":"2024-09-02T01:25:08+02:00","message":"Server started on :3333"}
{"level":"info","time":"2024-09-02T01:26:16+02:00","message":"Server started on :3333"}
{"level":"info","time":"2024-09-02T01:26:39+02:00","message":"Server started on :3333"}
{"level":"info","time":"2024-09-02T01:28:07+02:00","message":"Server started on :3333"}
{"level":"info","time":"2024-09-02T01:28:17+02:00","message":"Server started on :3333"}
{"level":"info","time":"2024-09-02T01:28:49+02:00","message":"Server started on :3333"}
{"level":"info","time":"2024-09-02T01:29:01+02:00","message":"Server started on :3333"}
{"level":"info","time":"2024-09-02T01:29:28+02:00","message":"Server started on :3333"}
{"level":"info","time":"2024-09-02T01:34:33+02:00","message":"Server started on :3333"}
{"level":"info","time":"2024-09-02T01:48:30+02:00","message":"Server started on :3333"}
{"level":"info","time":"2024-09-02T01:48:46+02:00","message":"Server started on :3333"}
{"level":"info","time":"2024-09-02T01:49:40+02:00","message":"Server started on :3333"}
{"level":"info","time":"2024-09-02T01:50:50+02:00","message":"Server started on :3333"}
{"level":"info","time":"2024-09-02T01:51:19+02:00","message":"Server started on :3333"}
{"level":"info","time":"2024-09-02T01:58:21+02:00","message":"Server started on :3333"}
{"level":"info","time":"2024-09-02T02:06:57+02:00","message":"Server started on :3333"}
{"level":"info","time":"2024-09-02T02:07:07+02:00","message":"Server started on :3333"}
{"level":"info","time":"2024-09-02T02:07:09+02:00","message":"Server started on :3333"}
{"level":"info","time":"2024-09-02T02:07:12+02:00","message":"Server started on :3333"}
{"level":"info","time":"2024-09-02T02:09:16+02:00","message":"Server started on :3333"}
{"level":"info","time":"2024-09-02T02:09:16+02:00","message":"Server started on :3333"}
{"level":"info","time":"2024-09-02T02:09:21+02:00","message":"Server started on :3333"}
{"level":"info","time":"2024-09-02T02:12:36+02:00","message":"Server started on :3333"}
{"level":"info","time":"2024-09-02T02:22:20+02:00","message":"Server started on :3333"}
{"level":"info","time":"2024-09-02T02:27:29+02:00","message":"Server started on :3333"}
{"level":"info","time":"2024-09-02T02:35:31+02:00","message":"Server started on :3333"}
{"level":"info","time":"2024-09-02T02:35:40+02:00","message":"Server started on :3333"}
{"level":"info","time":"2024-09-02T02:59:10+02:00","message":"Server started on :3333"}
{"level":"info","time":"2024-09-02T03:00:21+02:00","message":"Server started on :3333"}
{"level":"info","time":"2024-09-02T03:00:47+02:00","message":"Server started on :3333"}
{"level":"info","time":"2024-09-02T03:00:47+02:00","message":"Server started on :3333"}
{"level":"info","time":"2024-09-02T03:01:18+02:00","message":"Server started on :3333"}
{"level":"info","time":"2024-09-02T03:01:28+02:00","message":"Server started on :3333"}
{"level":"info","time":"2024-09-02T03:03:33+02:00","message":"Server started on :3333"}
{"level":"info","time":"2024-09-02T03:05:17+02:00","message":"Server started on :3333"}
{"level":"info","time":"2024-09-02T03:06:35+02:00","message":"Server started on :3333"}
{"level":"info","time":"2024-09-02T03:08:52+02:00","message":"Server started on :3333"}
{"level":"info","time":"2024-09-02T03:08:59+02:00","message":"Server started on :3333"}
{"level":"info","time":"2024-09-02T03:09:55+02:00","message":"Server started on :3333"}
{"level":"info","time":"2024-09-02T09:02:52+02:00","message":"Server started on :3333"}
{"level":"info","time":"2024-09-02T09:10:26+02:00","message":"Server started on :3333"}
{"level":"info","time":"2024-09-02T09:10:45+02:00","message":"Server started on :3333"}
{"level":"info","time":"2024-09-02T09:10:52+02:00","message":"Server started on :3333"}
{"level":"info","time":"2024-09-02T09:11:26+02:00","message":"Server started on :3333"}
{"level":"info","time":"2024-09-02T09:45:02+02:00","message":"Server started on :3333"}
{"level":"info","time":"2024-09-02T10:24:27+02:00","message":"Server started on :3333"}
{"level":"info","time":"2024-09-02T10:24:35+02:00","message":"Server started on :3333"}
{"level":"info","time":"2024-09-02T10:24:37+02:00","message":"Server started on :3333"}
{"level":"info","time":"2024-09-02T10:25:04+02:00","message":"Server started on :3333"}
{"level":"info","time":"2024-09-02T10:26:59+02:00","message":"Server started on :3333"}
{"level":"info","time":"2024-09-02T10:27:20+02:00","message":"Server started on :3333"}
{"level":"info","time":"2024-09-02T10:27:21+02:00","message":"Server started on :3333"}
{"level":"info","time":"2024-09-02T10:40:09+02:00","message":"Server started on :3333"}
{"level":"info","time":"2024-09-02T10:40:22+02:00","message":"Server started on :3333"}
{"level":"info","time":"2024-09-02T10:40:29+02:00","message":"Server started on :3333"}
{"level":"info","time":"2024-09-02T10:40:56+02:00","message":"Server started on :3333"}
{"level":"info","time":"2024-09-02T10:41:04+02:00","message":"Server started on :3333"}
{"level":"info","time":"2024-09-02T10:41:06+02:00","message":"Server started on :3333"}
{"level":"info","time":"2024-09-02T10:41:43+02:00","message":"Server started on :3333"}
{"level":"info","time":"2024-09-02T10:42:01+02:00","message":"Server started on :3333"}
{"level":"info","time":"2024-09-02T10:42:59+02:00","message":"Server started on :3333"}
{"level":"info","time":"2024-09-02T10:43:00+02:00","message":"Server started on :3333"}
{"level":"info","time":"2024-09-02T11:52:21+02:00","message":"Server started on :3333"}
{"level":"info","time":"2024-09-02T11:53:25+02:00","message":"Server started on :3333"}
{"level":"info","time":"2024-09-02T14:05:59+02:00","message":"Server started on :3333"}
{"level":"info","time":"2024-09-02T14:06:23+02:00","message":"Server started on :3333"}
{"level":"info","time":"2024-09-02T14:06:45+02:00","message":"Server started on :3333"}
{"level":"info","time":"2024-09-02T14:07:15+02:00","message":"Server started on :3333"}
{"level":"info","time":"2024-09-02T14:12:32+02:00","message":"Server started on :3333"}
{"level":"info","time":"2024-09-02T14:15:53+02:00","message":"Server started on :3333"}
{"level":"info","time":"2024-09-02T14:16:02+02:00","message":"Server started on :3333"}
{"level":"info","time":"2024-09-02T14:26:23+02:00","message":"Server started on :3333"}
{"level":"info","time":"2024-09-02T14:26:27+02:00","message":"Server started on :3333"}
{"level":"info","time":"2024-09-02T14:27:17+02:00","message":"Server started on :3333"}
{"level":"info","time":"2024-09-02T15:21:57+02:00","message":"Server shutting down"}
{"level":"info","time":"2024-09-02T15:21:57+02:00","message":"Server exiting"}
{"level":"info","time":"2024-09-02T16:02:20+02:00","message":"Server started on :3333"}
{"level":"error","endpoint":"/api/interactions/compounds","method":"GET","status":500,"error":"error fetching interactions: Error 1066 (42000): Not unique table/alias: 'SZI_C1'","time":"2024-09-02T16:02:25+02:00","message":"Internal server error"}
{"level":"info","time":"2024-09-02T16:05:02+02:00","message":"Server started on :3333"}
{"level":"error","endpoint":"/api/interactions/compounds","method":"GET","status":500,"error":"error fetching interactions: Error 1064 (42000): You have an error in your SQL syntax; check the manual that corresponds to your MariaDB server version for the right syntax to use near 'LEFT JOIN SZI_C AS SZI_C1 ON SZI_C1.Key_INT = SZI_C1.Key_INT AND SZI_C1.Key_S...' at line 1","time":"2024-09-02T16:05:06+02:00","message":"Internal server error"}
{"level":"info","time":"2024-09-02T16:11:45+02:00","message":"Server started on :3333"}
{"level":"info","time":"2024-09-02T16:14:12+02:00","message":"Server started on :3333"}
{"level":"error","endpoint":"/api/interactions/compounds","method":"GET","status":500,"error":"error fetching interactions: Error 1066 (42000): Not unique table/alias: 'SZI_C1'","time":"2024-09-02T16:14:17+02:00","message":"Internal server error"}
{"level":"info","time":"2024-09-02T16:14:56+02:00","message":"Server started on :3333"}
{"level":"info","time":"2024-09-02T16:15:03+02:00","message":"Server started on :3333"}
{"level":"info","time":"2024-09-02T16:22:11+02:00","message":"Server started on :3333"}
{"level":"info","time":"2024-09-02T16:22:39+02:00","message":"Server started on :3333"}
{"level":"info","time":"2024-09-02T16:23:58+02:00","message":"Server started on :3333"}
{"level":"info","time":"2024-09-02T16:24:14+02:00","message":"Server started on :3333"}
{"level":"info","time":"2024-09-02T16:26:09+02:00","message":"Server started on :3333"}
{"level":"error","endpoint":"/api/interactions/compounds","method":"GET","status":500,"error":"error fetching interactions: Error 1066 (42000): Not unique table/alias: 'SZI_C1'","time":"2024-09-02T16:26:11+02:00","message":"Internal server error"}
{"level":"info","time":"2024-09-02T16:27:05+02:00","message":"Server started on :3333"}
{"level":"error","endpoint":"/api/interactions/compounds","method":"GET","status":500,"error":"error fetching interactions: Error 1066 (42000): Not unique table/alias: 'SZI_C2'","time":"2024-09-02T16:27:09+02:00","message":"Internal server error"}
{"level":"info","time":"2024-09-02T16:28:09+02:00","message":"Server started on :3333"}
{"level":"info","time":"2024-09-02T16:29:17+02:00","message":"Server started on :3333"}
{"level":"info","time":"2024-09-02T16:29:27+02:00","message":"Server started on :3333"}
{"level":"info","time":"2024-09-02T16:34:12+02:00","message":"Server started on :3333"}
{"level":"info","time":"2024-09-02T16:54:25+02:00","message":"Server started on :3333"}
{"level":"info","time":"2024-09-02T16:56:35+02:00","message":"Server started on :3333"}
{"level":"info","time":"2024-09-02T16:59:14+02:00","message":"Server started on :3333"}
{"level":"info","time":"2024-09-02T16:59:35+02:00","message":"Server started on :3333"}
{"level":"info","time":"2024-09-02T17:07:37+02:00","message":"Server started on :3333"}
{"level":"info","time":"2024-09-02T17:08:23+02:00","message":"Server started on :3333"}
{"level":"info","time":"2024-09-02T17:08:43+02:00","message":"Server started on :3333"}
{"level":"info","time":"2024-09-02T17:09:01+02:00","message":"Server started on :3333"}
{"level":"info","time":"2024-09-02T17:10:16+02:00","message":"Server started on :3333"}
{"level":"info","time":"2024-09-02T17:10:40+02:00","message":"Server started on :3333"}
{"level":"info","time":"2024-09-02T17:11:07+02:00","message":"Server started on :3333"}
{"level":"info","time":"2024-09-02T17:11:28+02:00","message":"Server started on :3333"}
{"level":"info","time":"2024-09-02T17:11:54+02:00","message":"Server started on :3333"}
{"level":"info","time":"2024-09-02T17:13:13+02:00","message":"Server started on :3333"}
{"level":"info","time":"2024-09-02T17:13:40+02:00","message":"Server started on :3333"}
{"level":"info","time":"2024-09-02T17:16:28+02:00","message":"Server started on :3333"}
{"level":"info","time":"2024-09-02T17:58:32+02:00","message":"Server started on :3333"}
{"level":"info","time":"2024-09-02T17:58:45+02:00","message":"Server started on :3333"}
{"level":"info","time":"2024-09-02T18:04:30+02:00","message":"Server started on :3333"}
{"level":"info","time":"2024-09-02T18:05:12+02:00","message":"Server started on :3333"}
{"level":"info","time":"2024-09-02T18:05:15+02:00","message":"Server started on :3333"}
{"level":"info","time":"2024-09-02T18:12:56+02:00","message":"Server started on :3333"}
{"level":"info","time":"2024-09-02T18:13:23+02:00","message":"Server started on :3333"}
{"level":"info","time":"2024-09-02T18:13:51+02:00","message":"Server started on :3333"}
{"level":"info","time":"2024-09-02T18:14:36+02:00","message":"Server started on :3333"}
{"level":"info","time":"2024-09-02T18:14:54+02:00","message":"Server shutting down"}
{"level":"info","time":"2024-09-02T18:14:54+02:00","message":"Server exiting"}
{"level":"info","time":"2024-09-02T20:01:56+02:00","message":"Server started on :3333"}
{"level":"info","time":"2024-09-02T20:02:05+02:00","message":"Server started on :3333"}
{"level":"info","time":"2024-09-02T20:02:42+02:00","message":"Server started on :3333"}
{"level":"info","time":"2024-09-02T20:04:29+02:00","message":"Server started on :3333"}
{"level":"info","time":"2024-09-02T20:07:46+02:00","message":"Server started on :3333"}
{"level":"info","time":"2024-09-02T20:08:33+02:00","message":"Server started on :3333"}
{"level":"info","time":"2024-09-02T20:09:28+02:00","message":"Server started on :3333"}
{"level":"error","endpoint":"/api/interactions/compounds","method":"GET","status":500,"error":"error fetching compound doses: error fetching dose compound interactions: sql: Scan error on column index 5, name \"Key_DAR\": converting driver.Value type []uint8 (\"DFL\") to a uint64: invalid syntax","time":"2024-09-02T20:09:36+02:00","message":"Internal server error"}
{"level":"info","time":"2024-09-02T20:10:40+02:00","message":"Server started on :3333"}
{"level":"error","endpoint":"/api/interactions/compounds","method":"GET","status":500,"error":"error fetching compound doses: error fetching dose compound interactions: sql: Scan error on column index 2, name \"Zahl\": converting driver.Value type float64 (\"6.93\") to a int: invalid syntax","time":"2024-09-02T20:10:44+02:00","message":"Internal server error"}
{"level":"info","time":"2024-09-02T20:10:55+02:00","message":"Server shutting down"}
{"level":"info","time":"2024-09-02T20:10:55+02:00","message":"Server exiting"}
{"level":"info","time":"2024-09-02T20:11:17+02:00","message":"Server started on :3333"}
{"level":"info","time":"2024-09-02T20:12:00+02:00","message":"Server started on :3333"}
{"level":"info","time":"2024-09-02T20:23:13+02:00","message":"Server started on :3333"}
{"level":"info","time":"2024-09-02T20:23:19+02:00","message":"Server started on :3333"}
{"level":"info","time":"2024-09-02T20:24:14+02:00","message":"Server started on :3333"}
{"level":"info","time":"2024-09-02T20:26:06+02:00","message":"Server started on :3333"}
{"level":"info","time":"2024-09-02T20:26:56+02:00","message":"Server started on :3333"}
{"level":"info","time":"2024-09-02T20:28:50+02:00","message":"Server started on :3333"}
{"level":"info","time":"2024-09-02T20:30:47+02:00","message":"Server started on :3333"}
{"level":"info","time":"2024-09-02T20:30:56+02:00","message":"Server started on :3333"}
{"level":"info","time":"2024-09-02T20:33:06+02:00","message":"Server started on :3333"}
{"level":"info","time":"2024-09-02T20:34:12+02:00","message":"Server started on :3333"}
{"level":"info","time":"2024-09-02T20:34:20+02:00","message":"Server started on :3333"}
{"level":"info","time":"2024-09-02T20:35:24+02:00","message":"Server started on :3333"}
{"level":"info","time":"2024-09-02T20:36:30+02:00","message":"Server started on :3333"}
{"level":"info","time":"2024-09-02T20:37:16+02:00","message":"Server started on :3333"}
{"level":"info","time":"2024-09-02T20:37:40+02:00","message":"Server started on :3333"}
{"level":"info","time":"2024-09-02T20:39:25+02:00","message":"Server started on :3333"}
{"level":"info","time":"2024-09-02T20:39:30+02:00","message":"Server started on :3333"}
{"level":"info","time":"2024-09-02T20:43:20+02:00","message":"Server started on :3333"}
{"level":"info","time":"2024-09-02T20:44:02+02:00","message":"Server started on :3333"}
{"level":"info","time":"2024-09-02T20:59:39+02:00","message":"Server started on :3333"}
{"level":"info","time":"2024-09-02T20:59:51+02:00","message":"Server started on :3333"}
{"level":"info","time":"2024-09-02T20:59:55+02:00","message":"Server started on :3333"}
{"level":"info","time":"2024-09-02T21:01:35+02:00","message":"Server started on :3333"}
{"level":"info","time":"2024-09-02T21:07:23+02:00","message":"Server started on :3333"}
{"level":"info","time":"2024-09-02T21:08:05+02:00","message":"Server started on :3333"}
{"level":"info","time":"2024-09-02T21:08:18+02:00","message":"Server started on :3333"}
{"level":"info","time":"2024-09-02T21:23:56+02:00","message":"Server started on :3333"}
{"level":"info","time":"2024-09-02T21:24:47+02:00","message":"Server started on :3333"}
{"level":"info","time":"2024-09-02T21:24:55+02:00","message":"Server started on :3333"}
{"level":"info","time":"2024-09-02T21:25:04+02:00","message":"Server started on :3333"}
{"level":"info","time":"2024-09-02T21:25:38+02:00","message":"Server started on :3333"}
{"level":"info","time":"2024-09-02T21:26:43+02:00","message":"Server started on :3333"}
{"level":"info","time":"2024-09-02T21:31:48+02:00","message":"Server started on :3333"}
{"level":"info","time":"2024-09-02T21:32:12+02:00","message":"Server started on :3333"}
{"level":"info","time":"2024-09-02T21:34:11+02:00","message":"Server started on :3333"}
{"level":"info","time":"2024-09-02T21:34:25+02:00","message":"Server started on :3333"}
{"level":"info","time":"2024-09-02T21:34:26+02:00","message":"Server started on :3333"}
{"level":"info","time":"2024-09-02T21:34:50+02:00","message":"Server shutting down"}
{"level":"info","time":"2024-09-02T21:34:50+02:00","message":"Server exiting"}
{"level":"info","time":"2024-09-02T21:34:55+02:00","message":"Server started on :3333"}
{"level":"info","time":"2024-09-02T21:36:14+02:00","message":"Server started on :3333"}
{"level":"info","time":"2024-09-02T21:38:24+02:00","message":"Server started on :3333"}
{"level":"info","time":"2024-09-02T21:38:44+02:00","message":"Server started on :3333"}
{"level":"info","time":"2024-09-02T21:39:43+02:00","message":"Server started on :3333"}
{"level":"info","time":"2024-09-02T21:39:51+02:00","message":"Server started on :3333"}
{"level":"info","time":"2024-09-02T21:40:38+02:00","message":"Server started on :3333"}
{"level":"info","time":"2024-09-02T21:41:59+02:00","message":"Server started on :3333"}
{"level":"info","time":"2024-09-02T21:42:17+02:00","message":"Server started on :3333"}
{"level":"info","time":"2024-09-02T21:44:15+02:00","message":"Server started on :3333"}
{"level":"info","time":"2024-09-02T21:44:23+02:00","message":"Server started on :3333"}
{"level":"info","time":"2024-09-02T21:44:54+02:00","message":"Server started on :3333"}
{"level":"info","time":"2024-09-02T21:44:57+02:00","message":"Server started on :3333"}
{"level":"info","time":"2024-09-02T21:45:00+02:00","message":"Server started on :3333"}
{"level":"info","time":"2024-09-02T21:45:40+02:00","message":"Server started on :3333"}
{"level":"info","time":"2024-09-02T21:46:25+02:00","message":"Server started on :3333"}
{"level":"info","time":"2024-09-02T21:47:36+02:00","message":"Server started on :3333"}
{"level":"info","time":"2024-09-02T21:49:32+02:00","message":"Server started on :3333"}
{"level":"info","time":"2024-09-02T23:33:46+02:00","message":"Server started on :3333"}
{"level":"info","time":"2024-09-02T23:55:03+02:00","message":"Server started on :3333"}
{"level":"info","time":"2024-09-02T23:55:27+02:00","message":"Server started on :3333"}
{"level":"info","time":"2024-09-03T00:07:11+02:00","message":"Server started on :3333"}
{"level":"error","endpoint":"/api/interactions/compounds","method":"GET","status":500,"error":"error fetching compound doses: error fetching dose compound interactions: missing destination name ES in *[]interactioncontroller.CompoundDose","time":"2024-09-03T00:08:01+02:00","message":"Internal server error"}
{"level":"info","time":"2024-09-03T00:08:35+02:00","message":"Server started on :3333"}
{"level":"info","time":"2024-09-03T00:11:48+02:00","message":"Server started on :3333"}
{"level":"info","time":"2024-09-03T00:15:19+02:00","message":"Server started on :3333"}
{"level":"info","time":"2024-09-03T00:25:23+02:00","message":"Server started on :3333"}
{"level":"info","time":"2024-09-03T00:25:25+02:00","message":"Server started on :3333"}
{"level":"info","time":"2024-09-03T00:28:27+02:00","message":"Server started on :3333"}
{"level":"info","time":"2024-09-03T00:28:56+02:00","message":"Server started on :3333"}
{"level":"info","time":"2024-09-03T00:29:27+02:00","message":"Server started on :3333"}
{"level":"info","time":"2024-09-03T00:30:42+02:00","message":"Server started on :3333"}
{"level":"info","time":"2024-09-03T00:32:02+02:00","message":"Server started on :3333"}
{"level":"info","time":"2024-09-03T00:32:38+02:00","message":"Server started on :3333"}
{"level":"info","time":"2024-09-03T00:32:57+02:00","message":"Server started on :3333"}
{"level":"info","time":"2024-09-03T00:33:31+02:00","message":"Server started on :3333"}
{"level":"info","time":"2024-09-03T00:33:44+02:00","message":"Server started on :3333"}
{"level":"info","time":"2024-09-03T00:34:03+02:00","message":"Server started on :3333"}
{"level":"info","time":"2024-09-03T00:34:33+02:00","message":"Server started on :3333"}
{"level":"info","time":"2024-09-03T00:35:19+02:00","message":"Server started on :3333"}
{"level":"info","time":"2024-09-03T00:38:50+02:00","message":"Server started on :3333"}
{"level":"info","time":"2024-09-03T00:39:01+02:00","message":"Server started on :3333"}
{"level":"info","time":"2024-09-03T00:54:37+02:00","message":"Server started on :3333"}
{"level":"info","time":"2024-09-03T00:55:13+02:00","message":"Server started on :3333"}
{"level":"info","time":"2024-09-03T01:22:14+02:00","message":"Server started on :3333"}
{"level":"info","time":"2024-09-03T01:50:47+02:00","message":"Server started on :3333"}
{"level":"info","time":"2024-09-03T01:53:55+02:00","message":"Server started on :3333"}
{"level":"info","time":"2024-09-03T01:53:58+02:00","message":"Server started on :3333"}
{"level":"info","time":"2024-09-03T01:54:11+02:00","message":"Server started on :3333"}
{"level":"info","time":"2024-09-03T01:55:19+02:00","message":"Server started on :3333"}
{"level":"info","time":"2024-09-03T01:55:49+02:00","message":"Server started on :3333"}
{"level":"info","time":"2024-09-03T09:34:01+02:00","message":"Server shutting down"}
{"level":"info","time":"2024-09-03T09:34:01+02:00","message":"Server exiting"}
