{"level":"info","endpoint":"/api/user/login","ip_address":"::1","time":"2024-08-25T19:59:04+02:00","message":"Accessed example endpoint"}
{"level":"info","endpoint":"/api/user/login","ip_address":"::1","time":"2024-08-25T19:59:16+02:00","message":"Accessed example endpoint"}
{"level":"info","endpoint":"/api/user/login","ip_address":"::1","time":"2024-08-25T20:07:06+02:00","message":"Accessed example endpoint"}
{"level":"info","time":"2024-08-26T00:27:28+02:00","message":"Start server"}
{"level":"info","time":"2024-08-26T00:28:33+02:00","message":"Server started on :3333"}
{"level":"info","time":"2024-08-26T00:28:45+02:00","message":"Server shutting down"}
{"level":"info","time":"2024-08-26T00:28:45+02:00","message":"Server exiting"}
{"level":"info","time":"2024-08-26T00:30:23+02:00","message":"Server started on :3333"}
{"level":"info","time":"2024-08-26T00:31:45+02:00","message":"Server started on :3333"}
{"level":"error","endpoint":"/api/user/login","method":"POST","status":500,"error":"runtime error: invalid memory address or nil pointer dereference","time":"2024-08-26T00:32:01+02:00","message":"Internal server error"}
{"level":"error","endpoint":"/api/user/login","method":"POST","status":500,"error":"runtime error: invalid memory address or nil pointer dereference","time":"2024-08-26T00:32:13+02:00","message":"Internal server error"}
{"level":"info","time":"2024-08-26T00:34:35+02:00","message":"Server started on :3333"}
{"level":"info","time":"2024-08-26T00:34:39+02:00","message":"Server started on :3333"}
{"level":"info","time":"2024-08-26T00:54:58+02:00","message":"Server shutting down"}
{"level":"info","time":"2024-08-26T00:54:58+02:00","message":"Server exiting"}
{"level":"info","time":"2024-08-26T00:55:41+02:00","message":"Server started on :3333"}
{"level":"info","time":"2024-08-26T01:02:45+02:00","message":"Server started on :3333"}
{"level":"info","time":"2024-08-26T01:03:25+02:00","message":"Server started on :3333"}
{"level":"info","time":"2024-08-26T01:03:40+02:00","message":"Server started on :3333"}
{"level":"info","time":"2024-08-26T01:03:45+02:00","message":"Server started on :3333"}
{"level":"info","time":"2024-08-26T01:03:51+02:00","message":"Server started on :3333"}
{"level":"info","time":"2024-08-26T01:04:54+02:00","message":"Server started on :3333"}
{"level":"info","time":"2024-08-26T01:05:18+02:00","message":"Server started on :3333"}
{"level":"info","time":"2024-08-26T01:05:38+02:00","message":"Server started on :3333"}
{"level":"info","time":"2024-08-26T01:05:43+02:00","message":"Server started on :3333"}
{"level":"info","time":"2024-08-26T01:07:10+02:00","message":"Server started on :3333"}
{"level":"info","time":"2024-08-26T01:09:21+02:00","message":"Server shutting down"}
{"level":"info","time":"2024-08-26T01:09:21+02:00","message":"Server exiting"}
{"level":"info","time":"2024-08-26T01:09:24+02:00","message":"Server started on :3333"}
{"level":"error","endpoint":"/api/user/login","method":"POST","status":500,"error":"runtime error: invalid memory address or nil pointer dereference","time":"2024-08-26T01:17:24+02:00","message":"Internal server error"}
{"level":"info","time":"2024-08-26T01:17:34+02:00","message":"Server started on :3333"}
{"level":"error","endpoint":"/api/user/login","method":"POST","status":500,"error":"runtime error: invalid memory address or nil pointer dereference","time":"2024-08-26T01:17:37+02:00","message":"Internal server error"}
{"level":"error","endpoint":"/api/user/login","method":"POST","status":500,"error":"runtime error: invalid memory address or nil pointer dereference","time":"2024-08-26T01:17:40+02:00","message":"Internal server error"}
{"level":"info","time":"2024-08-26T01:17:46+02:00","message":"Server started on :3333"}
{"level":"info","time":"2024-08-26T01:17:49+02:00","message":"Server shutting down"}
{"level":"info","time":"2024-08-26T01:17:49+02:00","message":"Server exiting"}
{"level":"info","time":"2024-08-26T01:17:53+02:00","message":"Server started on :3333"}
{"level":"error","endpoint":"/api/user/login","method":"POST","status":500,"error":"runtime error: invalid memory address or nil pointer dereference","time":"2024-08-26T01:18:09+02:00","message":"Internal server error"}
{"level":"info","time":"2024-08-26T01:18:24+02:00","message":"Server started on :3333"}
{"level":"error","endpoint":"/api/user/login","method":"POST","status":500,"error":"runtime error: invalid memory address or nil pointer dereference","time":"2024-08-26T01:18:37+02:00","message":"Internal server error"}
{"level":"info","time":"2024-08-26T01:18:49+02:00","message":"Server started on :3333"}
{"level":"info","time":"2024-08-26T01:18:49+02:00","message":"Server shutting down"}
{"level":"info","time":"2024-08-26T01:18:49+02:00","message":"Server exiting"}
{"level":"info","time":"2024-08-26T01:32:41+02:00","message":"Server started on :3333"}
{"level":"info","endpoint":"/api/user/login","ip_address":"::1","time":"2024-08-26T01:32:56+02:00","message":"Accessed example endpoint"}
{"level":"info","time":"2024-08-26T01:35:52+02:00","message":"Server shutting down"}
{"level":"info","time":"2024-08-26T01:35:52+02:00","message":"Server exiting"}
{"level":"info","time":"2024-08-26T01:36:03+02:00","message":"Server started on :3333"}
{"level":"info","time":"2024-08-26T01:36:43+02:00","message":"Server shutting down"}
{"level":"info","time":"2024-08-26T01:36:43+02:00","message":"Server exiting"}
{"level":"info","time":"2024-08-26T01:36:45+02:00","message":"Server started on :3333"}
{"level":"info","time":"2024-08-26T01:36:59+02:00","message":"Server shutting down"}
{"level":"info","time":"2024-08-26T01:36:59+02:00","message":"Server exiting"}
{"level":"info","time":"2024-08-26T01:37:01+02:00","message":"Server started on :3333"}
{"level":"info","time":"2024-08-26T01:37:02+02:00","message":"Server shutting down"}
{"level":"info","time":"2024-08-26T01:37:02+02:00","message":"Server exiting"}
{"level":"info","time":"2024-08-26T01:37:09+02:00","message":"Server started on :3333"}
{"level":"info","time":"2024-08-26T02:23:25+02:00","message":"Server shutting down"}
{"level":"info","time":"2024-08-26T02:23:25+02:00","message":"Server exiting"}
{"level":"info","time":"2024-08-26T02:49:33+02:00","message":"Server started on :3333"}
{"level":"info","time":"2024-08-26T02:49:42+02:00","message":"Server shutting down"}
{"level":"info","time":"2024-08-26T02:49:42+02:00","message":"Server exiting"}
{"level":"info","time":"2024-08-26T02:50:28+02:00","message":"Server started on :3333"}
{"level":"info","time":"2024-08-26T02:51:00+02:00","message":"Server shutting down"}
{"level":"info","time":"2024-08-26T02:51:00+02:00","message":"Server exiting"}
{"level":"info","time":"2024-08-26T02:51:38+02:00","message":"Server started on :3333"}
{"level":"info","time":"2024-08-26T02:52:06+02:00","message":"Server shutting down"}
{"level":"info","time":"2024-08-26T02:52:06+02:00","message":"Server exiting"}
{"level":"info","time":"2024-08-26T18:47:17+02:00","message":"Server started on :3333"}
{"level":"info","time":"2024-08-26T18:47:34+02:00","message":"Server started on :3333"}
{"level":"info","time":"2024-08-26T18:47:46+02:00","message":"Server started on :3333"}
{"level":"info","time":"2024-08-26T18:48:16+02:00","message":"Server started on :3333"}
{"level":"info","time":"2024-08-26T18:49:04+02:00","message":"Server shutting down"}
{"level":"info","time":"2024-08-26T18:49:04+02:00","message":"Server exiting"}
{"level":"info","time":"2024-08-26T18:49:28+02:00","message":"Server started on :3333"}
{"level":"info","time":"2024-08-26T18:50:06+02:00","message":"Server started on :3333"}
{"level":"info","endpoint":"/api/user/login","ip_address":"::1","time":"2024-08-26T19:05:33+02:00","message":"Accessed example endpoint"}
{"level":"info","endpoint":"/api/user/login","ip_address":"::1","time":"2024-08-26T19:09:52+02:00","message":"Accessed example endpoint"}
{"level":"info","endpoint":"/api/user/login","ip_address":"::1","time":"2024-08-26T19:10:34+02:00","message":"Accessed example endpoint"}
{"level":"info","endpoint":"/api/user/login","ip_address":"::1","time":"2024-08-26T19:10:42+02:00","message":"Accessed example endpoint"}
{"level":"info","endpoint":"/api/user/login","ip_address":"::1","time":"2024-08-26T19:11:00+02:00","message":"Accessed example endpoint"}
{"level":"info","endpoint":"/api/user/login","ip_address":"::1","time":"2024-08-26T19:23:15+02:00","message":"Accessed example endpoint"}
{"level":"info","endpoint":"/api/user/login","ip_address":"::1","time":"2024-08-26T19:24:02+02:00","message":"Accessed example endpoint"}
{"level":"info","time":"2024-08-26T19:35:35+02:00","message":"Server started on :3333"}
{"level":"info","time":"2024-08-26T19:35:45+02:00","message":"Server started on :3333"}
{"level":"info","time":"2024-08-26T19:35:48+02:00","message":"Server started on :3333"}
{"level":"info","time":"2024-08-26T19:36:25+02:00","message":"Server started on :3333"}
{"level":"info","time":"2024-08-26T19:36:36+02:00","message":"Server started on :3333"}
{"level":"info","time":"2024-08-26T19:36:57+02:00","message":"Server started on :3333"}
{"level":"info","time":"2024-08-26T19:37:05+02:00","message":"Server started on :3333"}
{"level":"info","time":"2024-08-26T19:37:10+02:00","message":"Server started on :3333"}
{"level":"info","time":"2024-08-26T19:37:17+02:00","message":"Server started on :3333"}
{"level":"info","time":"2024-08-26T19:37:20+02:00","message":"Server started on :3333"}
{"level":"info","time":"2024-08-26T19:37:23+02:00","message":"Server started on :3333"}
{"level":"info","time":"2024-08-26T19:40:46+02:00","message":"Server started on :3333"}
{"level":"info","endpoint":"/api/user/login","ip_address":"::1","time":"2024-08-26T19:40:58+02:00","message":"Accessed example endpoint"}
{"level":"info","time":"2024-08-26T19:42:48+02:00","message":"Server started on :3333"}
{"level":"info","time":"2024-08-26T19:47:24+02:00","message":"Server started on :3333"}
{"level":"info","time":"2024-08-26T19:47:28+02:00","message":"Server started on :3333"}
{"level":"info","time":"2024-08-26T19:48:04+02:00","message":"Server started on :3333"}
{"level":"info","time":"2024-08-26T19:50:30+02:00","message":"Server started on :3333"}
{"level":"info","time":"2024-08-26T19:53:27+02:00","message":"Server started on :3333"}
{"level":"info","time":"2024-08-26T19:53:42+02:00","message":"Server shutting down"}
{"level":"info","time":"2024-08-26T19:53:42+02:00","message":"Server exiting"}
{"level":"info","time":"2024-08-26T20:10:09+02:00","message":"Server started on :3333"}
{"level":"info","time":"2024-08-26T20:13:44+02:00","message":"Server started on :3333"}
{"level":"info","time":"2024-08-26T20:18:16+02:00","message":"Server started on :3333"}
{"level":"info","time":"2024-08-26T20:18:20+02:00","message":"Server started on :3333"}
{"level":"info","time":"2024-08-26T20:18:41+02:00","message":"Server started on :3333"}
{"level":"info","time":"2024-08-26T20:19:05+02:00","message":"Server started on :3333"}
{"level":"info","time":"2024-08-26T20:19:11+02:00","message":"Server started on :3333"}
{"level":"info","time":"2024-08-26T20:19:32+02:00","message":"Server started on :3333"}
{"level":"info","time":"2024-08-26T20:19:46+02:00","message":"Server started on :3333"}
{"level":"info","time":"2024-08-26T20:19:50+02:00","message":"Server started on :3333"}
{"level":"info","time":"2024-08-26T20:19:55+02:00","message":"Server started on :3333"}
{"level":"info","time":"2024-08-26T20:20:14+02:00","message":"Server started on :3333"}
{"level":"info","time":"2024-08-26T20:20:18+02:00","message":"Server started on :3333"}
{"level":"info","time":"2024-08-26T20:20:26+02:00","message":"Server started on :3333"}
{"level":"info","time":"2024-08-26T20:20:29+02:00","message":"Server started on :3333"}
{"level":"info","time":"2024-08-26T20:20:34+02:00","message":"Server started on :3333"}
{"level":"info","time":"2024-08-26T20:20:42+02:00","message":"Server started on :3333"}
{"level":"info","time":"2024-08-26T20:21:02+02:00","message":"Server started on :3333"}
{"level":"info","time":"2024-08-26T20:21:27+02:00","message":"Server started on :3333"}
{"level":"info","time":"2024-08-26T20:22:03+02:00","message":"Server started on :3333"}
{"level":"info","time":"2024-08-26T20:27:29+02:00","message":"Server started on :3333"}
{"level":"info","endpoint":"/api/user/login","ip_address":"::1","time":"2024-08-26T20:29:20+02:00","message":"Accessed example endpoint"}
{"level":"info","endpoint":"/api/user/login","ip_address":"::1","time":"2024-08-26T20:29:50+02:00","message":"Accessed example endpoint"}
{"level":"info","time":"2024-08-26T20:31:21+02:00","message":"Server started on :3333"}
{"level":"info","time":"2024-08-26T20:32:18+02:00","message":"Server started on :3333"}
{"level":"error","endpoint":"/api/profiles/","method":"POST","status":500,"error":"Error 1048 (23000): Column 'matrix' cannot be null","time":"2024-08-26T20:32:23+02:00","message":"Internal server error"}
{"level":"info","time":"2024-08-26T20:33:23+02:00","message":"Server started on :3333"}
{"level":"error","endpoint":"/api/profiles/","method":"POST","status":500,"error":"Error 1048 (23000): Column 'matrix' cannot be null","time":"2024-08-26T20:33:31+02:00","message":"Internal server error"}
{"level":"info","time":"2024-08-26T20:33:36+02:00","message":"Server shutting down"}
{"level":"info","time":"2024-08-26T20:33:36+02:00","message":"Server exiting"}
{"level":"info","time":"2024-08-26T20:34:00+02:00","message":"Server started on :3333"}
{"level":"info","time":"2024-08-26T20:42:03+02:00","message":"Server started on :3333"}
{"level":"info","time":"2024-08-26T20:42:09+02:00","message":"Server started on :3333"}
{"level":"info","time":"2024-08-26T20:42:50+02:00","message":"Server started on :3333"}
{"level":"info","time":"2024-08-26T20:43:01+02:00","message":"Server started on :3333"}
{"level":"info","time":"2024-08-26T20:43:06+02:00","message":"Server started on :3333"}
{"level":"info","time":"2024-08-26T20:43:11+02:00","message":"Server started on :3333"}
{"level":"info","time":"2024-08-26T20:43:28+02:00","message":"Server started on :3333"}
{"level":"info","time":"2024-08-26T21:17:23+02:00","message":"Server started on :3333"}
{"level":"info","time":"2024-08-26T21:20:42+02:00","message":"Server started on :3333"}
{"level":"info","time":"2024-08-26T21:20:48+02:00","message":"Server shutting down"}
{"level":"info","time":"2024-08-26T21:20:48+02:00","message":"Server exiting"}
{"level":"info","time":"2024-08-26T21:20:53+02:00","message":"Server started on :3333"}
{"level":"info","time":"2024-08-26T21:24:17+02:00","message":"Server started on :3333"}
{"level":"info","time":"2024-08-26T21:24:23+02:00","message":"Server started on :3333"}
{"level":"info","time":"2024-08-26T21:30:47+02:00","message":"Server started on :3333"}
{"level":"info","time":"2024-08-26T21:47:43+02:00","message":"Server started on :3333"}
{"level":"info","time":"2024-08-26T21:47:49+02:00","message":"Server started on :3333"}
{"level":"info","time":"2024-08-26T21:54:02+02:00","message":"Server started on :3333"}
{"level":"info","time":"2024-08-26T21:55:52+02:00","message":"Server started on :3333"}
{"level":"info","time":"2024-08-26T21:58:48+02:00","message":"Server started on :3333"}
{"level":"info","time":"2024-08-26T23:15:36+02:00","message":"Server started on :3333"}
{"level":"info","time":"2024-08-26T23:15:46+02:00","message":"Server started on :3333"}
{"level":"info","time":"2024-08-26T23:16:13+02:00","message":"Server started on :3333"}
{"level":"info","time":"2024-08-26T23:16:22+02:00","message":"Server started on :3333"}
{"level":"info","time":"2024-08-26T23:16:27+02:00","message":"Server started on :3333"}
{"level":"info","time":"2024-08-26T23:16:50+02:00","message":"Server started on :3333"}
{"level":"info","time":"2024-08-26T23:17:01+02:00","message":"Server started on :3333"}
{"level":"info","time":"2024-08-26T23:17:18+02:00","message":"Server started on :3333"}
{"level":"info","time":"2024-08-26T23:17:39+02:00","message":"Server started on :3333"}
{"level":"info","time":"2024-08-27T13:16:42+02:00","message":"Server started on :3333"}
{"level":"info","time":"2024-08-27T14:28:27+02:00","message":"Server started on :3333"}
{"level":"info","time":"2024-08-27T14:33:46+02:00","message":"Server started on :3333"}
{"level":"info","time":"2024-08-27T20:09:19+02:00","message":"Server started on :3333"}
{"level":"info","time":"2024-08-27T20:11:13+02:00","message":"Server started on :3333"}
{"level":"info","time":"2024-08-27T20:12:44+02:00","message":"Server started on :3333"}
{"level":"info","time":"2024-08-27T20:13:36+02:00","message":"Server started on :3333"}
{"level":"info","time":"2024-08-27T20:13:41+02:00","message":"Server started on :3333"}
{"level":"info","time":"2024-08-28T20:52:48+02:00","message":"Server started on :3333"}
{"level":"info","time":"2024-08-28T20:53:15+02:00","message":"Server started on :3333"}
{"level":"info","time":"2024-08-28T20:56:32+02:00","message":"Server started on :3333"}
{"level":"info","time":"2024-08-28T21:06:20+02:00","message":"Server started on :3333"}
{"level":"info","time":"2024-08-28T21:11:57+02:00","message":"Server started on :3333"}
{"level":"info","time":"2024-08-28T21:12:16+02:00","message":"Server started on :3333"}
{"level":"info","time":"2024-08-28T21:14:16+02:00","message":"Server started on :3333"}
{"level":"info","time":"2024-08-28T21:25:25+02:00","message":"Server started on :3333"}
{"level":"info","time":"2024-08-28T21:25:38+02:00","message":"Server started on :3333"}
{"level":"error","endpoint":"/api/datasets/","method":"POST","status":500,"error":"Error 1452 (23000): Cannot add or update a child row: a foreign key constraint fails (`observed_data_db`.`profiles`, CONSTRAINT `fk_profiles_specimen` FOREIGN KEY (`specimen_id`) REFERENCES `specimens` (`id`))","time":"2024-08-28T21:25:44+02:00","message":"Internal server error"}
{"level":"info","time":"2024-08-28T21:27:57+02:00","message":"Server started on :3333"}
{"level":"info","time":"2024-08-28T21:29:47+02:00","message":"Server started on :3333"}
{"level":"info","time":"2024-08-28T21:30:30+02:00","message":"Server started on :3333"}
{"level":"info","time":"2024-08-28T21:30:40+02:00","message":"Server started on :3333"}
{"level":"info","time":"2024-08-28T21:30:45+02:00","message":"Server started on :3333"}
{"level":"info","time":"2024-08-28T21:30:50+02:00","message":"Server started on :3333"}
{"level":"info","endpoint":"/api/user/login","method":"POST","ip":"::1","user_agent":"httr2/1.0.2 r-curl/5.2.1 libcurl/8.3.0","status":401,"time":"2024-08-28T21:33:28+02:00","message":"Unauthorized"}
{"level":"info","endpoint":"/api/user/login","method":"POST","ip":"::1","user_agent":"httr2/1.0.2 r-curl/5.2.1 libcurl/8.3.0","status":401,"time":"2024-08-28T21:36:04+02:00","message":"Unauthorized"}
{"level":"info","time":"2024-08-28T22:38:29+02:00","message":"Server started on :3333"}
{"level":"info","time":"2024-08-28T22:38:37+02:00","message":"Server started on :3333"}
{"level":"info","time":"2024-08-28T22:38:51+02:00","message":"Server started on :3333"}
{"level":"info","time":"2024-08-28T22:39:11+02:00","message":"Server started on :3333"}
{"level":"info","time":"2024-08-28T22:39:25+02:00","message":"Server started on :3333"}
{"level":"info","time":"2024-08-28T22:39:26+02:00","message":"Server started on :3333"}
{"level":"info","time":"2024-08-28T22:39:43+02:00","message":"Server started on :3333"}
{"level":"info","time":"2024-08-28T22:39:57+02:00","message":"Server started on :3333"}
{"level":"info","time":"2024-08-28T22:40:03+02:00","message":"Server started on :3333"}
{"level":"info","time":"2024-08-28T22:40:03+02:00","message":"Server started on :3333"}
{"level":"info","time":"2024-08-28T22:40:50+02:00","message":"Server started on :3333"}
{"level":"info","time":"2024-08-28T22:47:44+02:00","message":"Server started on :3333"}
{"level":"info","time":"2024-08-28T22:49:04+02:00","message":"Server started on :3333"}
{"level":"info","time":"2024-08-28T22:49:04+02:00","message":"Server started on :3333"}
{"level":"info","time":"2024-08-28T22:49:37+02:00","message":"Server started on :3333"}
{"level":"info","time":"2024-08-28T22:50:01+02:00","message":"Server started on :3333"}
{"level":"info","time":"2024-08-29T08:20:26+02:00","message":"Server shutting down"}
{"level":"info","time":"2024-08-29T08:20:26+02:00","message":"Server exiting"}
